Построение начато 22.02.2014 23:48:27.
     1>Проект "E:\task2_3\task2_3\task2_3\task2_3.vcxproj" в узле 2 (целевые объекты build).
     1>InitializeBuildStatus:
         Создание "Debug\task2_3.unsuccessfulbuild", так как было задано "AlwaysCreate".
       ClCompile:
         C:\Program Files\Microsoft Visual Studio 10.0\VC\bin\CL.exe /c /ZI /nologo /W3 /WX- /Od /Oy- /D WIN32 /D _DEBUG /D _CRT_SECURE_NO_WARNINGS /D _CONSOLE /D WIN32 /D _DEBUG /D _CONSOLE /D _UNICODE /D UNICODE /Gm /EHsc /RTC1 /MDd /GS /fp:precise /Zc:wchar_t /Zc:forScope /Yc"StdAfx.h" /Fp"Debug\task2_3.pch" /Fo"Debug\\" /Fd"Debug\vc100.pdb" /Gd /TP /analyze- /errorReport:prompt stdafx.cpp
         stdafx.cpp
         C:\Program Files\Microsoft Visual Studio 10.0\VC\bin\CL.exe /c /ZI /nologo /W3 /WX- /Od /Oy- /D WIN32 /D _DEBUG /D _CRT_SECURE_NO_WARNINGS /D _CONSOLE /D WIN32 /D _DEBUG /D _CONSOLE /D _UNICODE /D UNICODE /Gm /EHsc /RTC1 /MDd /GS /fp:precise /Zc:wchar_t /Zc:forScope /Yu"StdAfx.h" /Fp"Debug\task2_3.pch" /Fo"Debug\\" /Fd"Debug\vc100.pdb" /Gd /TP /analyze- /errorReport:prompt task2_3.cpp
         task2_3.cpp
     1>e:\task2_3\task2_3\task2_3\task2_3.cpp(41): warning C4018: <: несоответствие типов со знаком и без знака
     1>e:\task2_3\task2_3\task2_3\task2_3.cpp(73): warning C4018: <: несоответствие типов со знаком и без знака
     1>e:\task2_3\task2_3\task2_3\task2_3.cpp(81): warning C4018: <: несоответствие типов со знаком и без знака
     1>e:\task2_3\task2_3\task2_3\task2_3.cpp(88): warning C4018: <: несоответствие типов со знаком и без знака
       ManifestResourceCompile:
         C:\Program Files\Microsoft SDKs\Windows\v7.0A\bin\rc.exe /nologo /fo"Debug\task2_3.exe.embed.manifest.res" Debug\task2_3_manifest.rc 
       Link:
         C:\Program Files\Microsoft Visual Studio 10.0\VC\bin\link.exe /ERRORREPORT:PROMPT /OUT:"E:\task2_3\task2_3\Debug\task2_3.exe" /INCREMENTAL /NOLOGO kernel32.lib user32.lib gdi32.lib winspool.lib comdlg32.lib advapi32.lib shell32.lib ole32.lib oleaut32.lib uuid.lib odbc32.lib odbccp32.lib /MANIFEST /ManifestFile:"Debug\task2_3.exe.intermediate.manifest" /MANIFESTUAC:"level='asInvoker' uiAccess='false'" /DEBUG /PDB:"E:\task2_3\task2_3\Debug\task2_3.pdb" /SUBSYSTEM:CONSOLE /TLBID:1 /DYNAMICBASE /NXCOMPAT /IMPLIB:"E:\task2_3\task2_3\Debug\task2_3.lib" /MACHINE:X86 Debug\task2_3.exe.embed.manifest.res
         Debug\stdafx.obj
         Debug\task2_3.obj
       Manifest:
         C:\Program Files\Microsoft SDKs\Windows\v7.0A\bin\mt.exe /nologo /verbose /out:"Debug\task2_3.exe.embed.manifest" /manifest Debug\task2_3.exe.intermediate.manifest
         Для всех выходных данных обновления не требуется.
       LinkEmbedManifest:
         Для всех выходных данных обновления не требуется.
         task2_3.vcxproj -> E:\task2_3\task2_3\Debug\task2_3.exe
       FinalizeBuildStatus:
         Файл "Debug\task2_3.unsuccessfulbuild" удаляется.
         Обращение к "Debug\task2_3.lastbuildstate".
     1>Построение проекта "E:\task2_3\task2_3\task2_3\task2_3.vcxproj" завершено (целевые объекты build).

Построение успешно завершено.

Затраченное время: 00:00:11.17
